********************************************************************************
DUPLICATOR PRO PACKAGE-LOG: 2019-04-22 18:32:00
NOTICE: Do NOT post to public sites or forums 
********************************************************************************
VERSION:	3.7.3.1
WORDPRESS:	5.0.4
PHP INFO:	7.2.12 | SAPI: apache2handler
SERVER:		Apache/2.4.37 (Win32) OpenSSL/1.1.1 PHP/7.2.12 
PHP TIME LIMIT: [7200] not allowed 
PHP MAX MEMORY: 5000M (256M default) 
RUN TYPE: Manual
MEMORY STACK: 4MB 

********************************************************************************
DATABASE:
********************************************************************************
BUILD MODE:   MYSQLDUMP 
MYSQLDUMP:    Is Supported
MYSQLTIMEOUT: 5000 
TABLES: total:32 | filtered:0 | create:32 
FILTERED: [] 
RESPONSE: Ran from C:/xampp/mysql/bin/mysqldump.exe 
SQL CREATED: 20190422_batdongsan_d9a2ef3f2fdeeccf8385_20190422183128_database.sql 
SQL FILE SIZE: 820.47KB 
SQL FILE TIME: 2019-04-22 18:32:01 
SQL RUNTIME: 1.609 sec. 
MEMORY STACK: 4MB 

******************************************************************************** 
ARCHIVE Mode:ZipArchive Multi-Threaded 
******************************************************************************** 
ARCHIVE DIR:  C:/xampp/htdocs/bds 
ARCHIVE FILE: 20190422_batdongsan_d9a2ef3f2fdeeccf8385_20190422183128_archive.zip 
COMPRESSION: *ON* 
FILTERS: *OFF* 
DIRS:  not set 
EXTS:  not set 
FILES:  not set 
---------------------------------------- 
COMPRESSING 
SIZE:	117.67MB 
STATS:	Dirs 778 | Files 6,383 | Total 7,161 
SQL ADDED: 20190422_batdongsan_d9a2ef3f2fdeeccf8385_20190422183128_database.sql 
ZipArchive Object
(
    [status] => 0
    [statusSys] => 0
    [numFiles] => 1249
    [filename] => C:\xampp\htdocs\bds\wp-content\backups-dup-pro\tmp\20190422_batdongsan_d9a2ef3f2fdeeccf8385_20190422183128_archive.zip
    [comment] => 
)
 
ZipArchive Object
(
    [status] => 0
    [statusSys] => 0
    [numFiles] => 2955
    [filename] => C:\xampp\htdocs\bds\wp-content\backups-dup-pro\tmp\20190422_batdongsan_d9a2ef3f2fdeeccf8385_20190422183128_archive.zip
    [comment] => 
)
 
ZipArchive Object
(
    [status] => 0
    [statusSys] => 0
    [numFiles] => 3390
    [filename] => C:\xampp\htdocs\bds\wp-content\backups-dup-pro\tmp\20190422_batdongsan_d9a2ef3f2fdeeccf8385_20190422183128_archive.zip
    [comment] => 
)
 
ZipArchive Object
(
    [status] => 0
    [statusSys] => 0
    [numFiles] => 3840
    [filename] => C:\xampp\htdocs\bds\wp-content\backups-dup-pro\tmp\20190422_batdongsan_d9a2ef3f2fdeeccf8385_20190422183128_archive.zip
    [comment] => 
)
 
ZipArchive Object
(
    [status] => 0
    [statusSys] => 0
    [numFiles] => 4723
    [filename] => C:\xampp\htdocs\bds\wp-content\backups-dup-pro\tmp\20190422_batdongsan_d9a2ef3f2fdeeccf8385_20190422183128_archive.zip
    [comment] => 
)
 
ZipArchive Object
(
    [status] => 0
    [statusSys] => 0
    [numFiles] => 5792
    [filename] => C:\xampp\htdocs\bds\wp-content\backups-dup-pro\tmp\20190422_batdongsan_d9a2ef3f2fdeeccf8385_20190422183128_archive.zip
    [comment] => 
)
 
ZipArchive Object
(
    [status] => 0
    [statusSys] => 0
    [numFiles] => 6197
    [filename] => C:\xampp\htdocs\bds\wp-content\backups-dup-pro\tmp\20190422_batdongsan_d9a2ef3f2fdeeccf8385_20190422183128_archive.zip
    [comment] => 
)
 
ZipArchive Object
(
    [status] => 0
    [statusSys] => 0
    [numFiles] => 7161
    [filename] => C:\xampp\htdocs\bds\wp-content\backups-dup-pro\tmp\20190422_batdongsan_d9a2ef3f2fdeeccf8385_20190422183128_archive.zip
    [comment] => 
)
 
COMPRESSED SIZE: 38.38MB 
ARCHIVE RUNTIME: 9.961 sec. 
MEMORY STACK: 8MB 
Installer files added to archive 

******************************************************************************** 
STORAGE: 
******************************************************************************** 
LOCAL: Default, C:/xampp/htdocs/bds/wp-content/backups-dup-pro 

******************************************************************************** 
INTEGRITY CHECKS: 
******************************************************************************** 
SQL FILE: 820.47KB 
INSTALLER FILE: 29.08KB 
ARCHIVE FILE: 39.28MB  
EXPECTED FILE/DIRECTORY COUNT: 7,161 
ACTUAL FILE/DIRECTORY COUNT: 7,161 
ARCHIVE CONSISTENCY TEST: Pass 

********************************************************************************
RECORD ID:[1]
TOTAL PROCESS RUNTIME: 175.421 sec.
PEAK PHP MEMORY USED: 2MB
DONE PROCESSING => 20190422_batdongsan 2019-04-22 18:34:55
 
